<?xml version="1.0" encoding="UTF-8"?>
<!-- Generated by org.testng.reporters.JUnitReportReporter -->
<testsuite hostname="DESKTOP-7KFLQI9" failures="0" tests="3" name="com.applicationname.qa.testcases.HomePageTest" time="93.984" errors="0" timestamp="2021-05-08T17:01:08 IST" skipped="0">
  <testcase classname="com.applicationname.qa.testcases.HomePageTest" name="verifyhomepageTitleTest" time="35.837"/>
  <system-out/>
  <testcase classname="com.applicationname.qa.testcases.HomePageTest" name="verifyuserNameTest" time="32.618"/>
  <system-out/>
  <testcase classname="com.applicationname.qa.testcases.HomePageTest" name="contactsLink" time="25.529"/>
  <system-out/>
</testsuite> <!-- com.applicationname.qa.testcases.HomePageTest -->
