<?xml version="1.0" encoding="UTF-8"?>
<!-- Generated by org.testng.reporters.JUnitReportReporter -->
<testsuite hostname="DESKTOP-7KFLQI9" failures="0" tests="4" name="com.applicationname.qa.testcases.ContactsPageTest" time="128.744" errors="0" timestamp="2021-05-22T11:46:13 IST" skipped="0">
  <testcase classname="com.applicationname.qa.testcases.ContactsPageTest" name="verifyConatctslabel" time="22.653"/>
  <system-out/>
  <testcase classname="com.applicationname.qa.testcases.ContactsPageTest" name="selectContactName" time="25.801"/>
  <system-out/>
  <testcase classname="com.applicationname.qa.testcases.ContactsPageTest" name="selectMultipleContactName" time="24.901"/>
  <system-out/>
  <testcase classname="com.applicationname.qa.testcases.ContactsPageTest" name="creatNewContact" time="55.389"/>
  <system-out/>
</testsuite> <!-- com.applicationname.qa.testcases.ContactsPageTest -->
